<?xml version="1.0" encoding="UTF-8"?>
<!-- Generated by org.testng.reporters.JUnitXMLReporter -->
<testsuite ignored="0" hostname="LAPTOP-1ES659O6" failures="1" tests="8" name="Regression testcases" time="58.038" errors="0" timestamp="2022-06-24T16:59:06 IST">
  <testcase classname="com.qa.testcases.Test_HomePage" name="@BeforeMethod Setup" time="7.767">
    <failure type="org.openqa.selenium.ElementClickInterceptedException" message="element click intercepted: Element &amp;lt;a href=&amp;quot;https://ui.freecrm.com/&amp;quot;&amp;gt;...&amp;lt;/a&amp;gt; is not clickable at point (987, 30). Other element would receive the click: &amp;lt;div id=&amp;quot;preloader&amp;quot;&amp;gt;...&amp;lt;/div&amp;gt;
  (Session info: MicrosoftEdge=102.0.1245.44)
Build info: version: &amp;apos;4.2.2&amp;apos;, revision: &amp;apos;683ccb65d6&amp;apos;
System info: host: &amp;apos;LAPTOP-1ES659O6&amp;apos;, ip: &amp;apos;192.168.1.37&amp;apos;, os.name: &amp;apos;Windows 11&amp;apos;, os.arch: &amp;apos;amd64&amp;apos;, os.version: &amp;apos;10.0&amp;apos;, java.version: &amp;apos;17.0.3&amp;apos;
Driver info: org.openqa.selenium.edge.EdgeDriver
Command: [2ff34fc786806fb938833b7076e2c349, clickElement {id=f7b344ce-e5f6-4187-8276-f2ae148d9d8b}]
Capabilities {acceptInsecureCerts: false, browserName: msedge, browserVersion: 102.0.1245.44, ms:edgeOptions: {debuggerAddress: localhost:56053}, msedge: {msedgedriverVersion: 102.0.1245.44 (72efbf98e0b4..., userDataDir: C:\Users\BALAJI~1\AppData\L...}, networkConnectionEnabled: false, pageLoadStrategy: normal, platformName: WINDOWS, proxy: Proxy(), se:cdp: ws://localhost:56053/devtoo..., se:cdpVersion: 102.0.1245.44, setWindowRect: true, strictFileInteractability: false, timeouts: {implicit: 0, pageLoad: 300000, script: 30000}, unhandledPromptBehavior: dismiss and notify, webauthn:extension:credBlob: true, webauthn:extension:largeBlob: true, webauthn:virtualAuthenticators: true}
Element: [[EdgeDriver: msedge on WINDOWS (2ff34fc786806fb938833b7076e2c349)] -&amp;gt; xpath: //a[contains(text(),&amp;apos;Login&amp;apos;)]]
Session ID: 2ff34fc786806fb938833b7076e2c349">
      <![CDATA[org.openqa.selenium.ElementClickInterceptedException: element click intercepted: Element <a href="https://ui.freecrm.com/">...</a> is not clickable at point (987, 30). Other element would receive the click: <div id="preloader">...</div>
  (Session info: MicrosoftEdge=102.0.1245.44)
Build info: version: '4.2.2', revision: '683ccb65d6'
System info: host: 'LAPTOP-1ES659O6', ip: '192.168.1.37', os.name: 'Windows 11', os.arch: 'amd64', os.version: '10.0', java.version: '17.0.3'
Driver info: org.openqa.selenium.edge.EdgeDriver
Command: [2ff34fc786806fb938833b7076e2c349, clickElement {id=f7b344ce-e5f6-4187-8276-f2ae148d9d8b}]
Capabilities {acceptInsecureCerts: false, browserName: msedge, browserVersion: 102.0.1245.44, ms:edgeOptions: {debuggerAddress: localhost:56053}, msedge: {msedgedriverVersion: 102.0.1245.44 (72efbf98e0b4..., userDataDir: C:\Users\BALAJI~1\AppData\L...}, networkConnectionEnabled: false, pageLoadStrategy: normal, platformName: WINDOWS, proxy: Proxy(), se:cdp: ws://localhost:56053/devtoo..., se:cdpVersion: 102.0.1245.44, setWindowRect: true, strictFileInteractability: false, timeouts: {implicit: 0, pageLoad: 300000, script: 30000}, unhandledPromptBehavior: dismiss and notify, webauthn:extension:credBlob: true, webauthn:extension:largeBlob: true, webauthn:virtualAuthenticators: true}
Element: [[EdgeDriver: msedge on WINDOWS (2ff34fc786806fb938833b7076e2c349)] -> xpath: //a[contains(text(),'Login')]]
Session ID: 2ff34fc786806fb938833b7076e2c349
at org.openqa.selenium.remote.codec.w3c.W3CHttpResponseCodec.createException(W3CHttpResponseCodec.java:200)
at org.openqa.selenium.remote.codec.w3c.W3CHttpResponseCodec.decode(W3CHttpResponseCodec.java:133)
at org.openqa.selenium.remote.codec.w3c.W3CHttpResponseCodec.decode(W3CHttpResponseCodec.java:53)
at org.openqa.selenium.remote.HttpCommandExecutor.execute(HttpCommandExecutor.java:184)
at org.openqa.selenium.remote.service.DriverCommandExecutor.invokeExecute(DriverCommandExecutor.java:167)
at org.openqa.selenium.remote.service.DriverCommandExecutor.execute(DriverCommandExecutor.java:142)
at org.openqa.selenium.remote.RemoteWebDriver.execute(RemoteWebDriver.java:588)
at org.openqa.selenium.remote.RemoteWebElement.execute(RemoteWebElement.java:257)
at org.openqa.selenium.remote.RemoteWebElement.click(RemoteWebElement.java:78)
at org.openqa.selenium.support.events.EventFiringWebDriver$EventFiringWebElement.lambda$new$0(EventFiringWebDriver.java:414)
at jdk.proxy2/jdk.proxy2.$Proxy19.click(Unknown Source)
at org.openqa.selenium.support.events.EventFiringWebDriver$EventFiringWebElement.click(EventFiringWebDriver.java:427)
at org.openqa.selenium.support.pagefactory.internal.LocatingElementHandler.invoke(LocatingElementHandler.java:52)
at jdk.proxy2/jdk.proxy2.$Proxy18.click(Unknown Source)
at com.qa.pages.LoginPage.login(LoginPage.java:42)
at com.qa.testcases.Test_HomePage.Setup(Test_HomePage.java:26)
at java.base/java.util.ArrayList.forEach(ArrayList.java:1511)
... Removed 44 stack frames]]>
    </failure>
  </testcase> <!-- @BeforeMethod Setup -->
  <testcase classname="com.qa.testcases.Test_HomePage" name="@AfterMethod teardown" time="-1.656070119892E9">
    <skipped/>
  </testcase> <!-- @AfterMethod teardown -->
  <testcase classname="com.qa.testcases.Test_HomePage" name="@BeforeMethod Setup" time="-1.656070119895E9">
    <skipped/>
  </testcase> <!-- @BeforeMethod Setup -->
  <testcase classname="com.qa.testcases.Test_HomePage" name="@AfterMethod teardown" time="-1.656070119904E9">
    <skipped/>
  </testcase> <!-- @AfterMethod teardown -->
  <testcase classname="com.qa.testcases.Test_HomePage" name="@BeforeMethod Setup" time="-1.656070119905E9">
    <skipped/>
  </testcase> <!-- @BeforeMethod Setup -->
  <testcase classname="com.qa.testcases.Test_HomePage" name="@AfterMethod teardown" time="-1.656070119911E9">
    <skipped/>
  </testcase> <!-- @AfterMethod teardown -->
  <testcase classname="com.qa.testcases.Test_ContactPage" name="@BeforeMethod Setup" time="10.986">
    <failure type="org.openqa.selenium.ElementClickInterceptedException" message="element click intercepted: Element &amp;lt;a href=&amp;quot;https://ui.freecrm.com/&amp;quot;&amp;gt;...&amp;lt;/a&amp;gt; is not clickable at point (987, 30). Other element would receive the click: &amp;lt;div id=&amp;quot;preloader&amp;quot; style=&amp;quot;opacity: 0.403225;&amp;quot;&amp;gt;...&amp;lt;/div&amp;gt;
  (Session info: MicrosoftEdge=102.0.1245.44)
Build info: version: &amp;apos;4.2.2&amp;apos;, revision: &amp;apos;683ccb65d6&amp;apos;
System info: host: &amp;apos;LAPTOP-1ES659O6&amp;apos;, ip: &amp;apos;192.168.1.37&amp;apos;, os.name: &amp;apos;Windows 11&amp;apos;, os.arch: &amp;apos;amd64&amp;apos;, os.version: &amp;apos;10.0&amp;apos;, java.version: &amp;apos;17.0.3&amp;apos;
Driver info: org.openqa.selenium.edge.EdgeDriver
Command: [1d4b5ce169f60f305228128102c7c720, clickElement {id=58e54258-6f4b-4d96-a91b-a12452f88496}]
Capabilities {acceptInsecureCerts: false, browserName: msedge, browserVersion: 102.0.1245.44, ms:edgeOptions: {debuggerAddress: localhost:56189}, msedge: {msedgedriverVersion: 102.0.1245.44 (72efbf98e0b4..., userDataDir: C:\Users\BALAJI~1\AppData\L...}, networkConnectionEnabled: false, pageLoadStrategy: normal, platformName: WINDOWS, proxy: Proxy(), se:cdp: ws://localhost:56189/devtoo..., se:cdpVersion: 102.0.1245.44, setWindowRect: true, strictFileInteractability: false, timeouts: {implicit: 0, pageLoad: 300000, script: 30000}, unhandledPromptBehavior: dismiss and notify, webauthn:extension:credBlob: true, webauthn:extension:largeBlob: true, webauthn:virtualAuthenticators: true}
Element: [[EdgeDriver: msedge on WINDOWS (1d4b5ce169f60f305228128102c7c720)] -&amp;gt; xpath: //a[contains(text(),&amp;apos;Login&amp;apos;)]]
Session ID: 1d4b5ce169f60f305228128102c7c720">
      <![CDATA[org.openqa.selenium.ElementClickInterceptedException: element click intercepted: Element <a href="https://ui.freecrm.com/">...</a> is not clickable at point (987, 30). Other element would receive the click: <div id="preloader" style="opacity: 0.403225;">...</div>
  (Session info: MicrosoftEdge=102.0.1245.44)
Build info: version: '4.2.2', revision: '683ccb65d6'
System info: host: 'LAPTOP-1ES659O6', ip: '192.168.1.37', os.name: 'Windows 11', os.arch: 'amd64', os.version: '10.0', java.version: '17.0.3'
Driver info: org.openqa.selenium.edge.EdgeDriver
Command: [1d4b5ce169f60f305228128102c7c720, clickElement {id=58e54258-6f4b-4d96-a91b-a12452f88496}]
Capabilities {acceptInsecureCerts: false, browserName: msedge, browserVersion: 102.0.1245.44, ms:edgeOptions: {debuggerAddress: localhost:56189}, msedge: {msedgedriverVersion: 102.0.1245.44 (72efbf98e0b4..., userDataDir: C:\Users\BALAJI~1\AppData\L...}, networkConnectionEnabled: false, pageLoadStrategy: normal, platformName: WINDOWS, proxy: Proxy(), se:cdp: ws://localhost:56189/devtoo..., se:cdpVersion: 102.0.1245.44, setWindowRect: true, strictFileInteractability: false, timeouts: {implicit: 0, pageLoad: 300000, script: 30000}, unhandledPromptBehavior: dismiss and notify, webauthn:extension:credBlob: true, webauthn:extension:largeBlob: true, webauthn:virtualAuthenticators: true}
Element: [[EdgeDriver: msedge on WINDOWS (1d4b5ce169f60f305228128102c7c720)] -> xpath: //a[contains(text(),'Login')]]
Session ID: 1d4b5ce169f60f305228128102c7c720
at org.openqa.selenium.remote.codec.w3c.W3CHttpResponseCodec.createException(W3CHttpResponseCodec.java:200)
at org.openqa.selenium.remote.codec.w3c.W3CHttpResponseCodec.decode(W3CHttpResponseCodec.java:133)
at org.openqa.selenium.remote.codec.w3c.W3CHttpResponseCodec.decode(W3CHttpResponseCodec.java:53)
at org.openqa.selenium.remote.HttpCommandExecutor.execute(HttpCommandExecutor.java:184)
at org.openqa.selenium.remote.service.DriverCommandExecutor.invokeExecute(DriverCommandExecutor.java:167)
at org.openqa.selenium.remote.service.DriverCommandExecutor.execute(DriverCommandExecutor.java:142)
at org.openqa.selenium.remote.RemoteWebDriver.execute(RemoteWebDriver.java:588)
at org.openqa.selenium.remote.RemoteWebElement.execute(RemoteWebElement.java:257)
at org.openqa.selenium.remote.RemoteWebElement.click(RemoteWebElement.java:78)
at org.openqa.selenium.support.events.EventFiringWebDriver$EventFiringWebElement.lambda$new$0(EventFiringWebDriver.java:414)
at jdk.proxy2/jdk.proxy2.$Proxy19.click(Unknown Source)
at org.openqa.selenium.support.events.EventFiringWebDriver$EventFiringWebElement.click(EventFiringWebDriver.java:427)
at org.openqa.selenium.support.pagefactory.internal.LocatingElementHandler.invoke(LocatingElementHandler.java:52)
at jdk.proxy2/jdk.proxy2.$Proxy18.click(Unknown Source)
at com.qa.pages.LoginPage.login(LoginPage.java:42)
at com.qa.testcases.Test_ContactPage.Setup(Test_ContactPage.java:30)
at java.base/java.util.ArrayList.forEach(ArrayList.java:1511)
... Removed 44 stack frames]]>
    </failure>
  </testcase> <!-- @BeforeMethod Setup -->
  <testcase classname="com.qa.testcases.Test_ContactPage" name="@AfterMethod teardown" time="-1.656070146844E9">
    <skipped/>
  </testcase> <!-- @AfterMethod teardown -->
  <testcase classname="com.qa.testcases.Test_LoginPage" name="loginpagetitleTest" time="0.114"/>
  <testcase classname="com.qa.testcases.Test_LoginPage" name="crmlogoTest" time="0.146"/>
  <testcase classname="com.qa.testcases.Test_LoginPage" name="Login_UN_PWD_Test" time="2.804">
    <failure type="org.openqa.selenium.ElementClickInterceptedException" message="element click intercepted: Element &amp;lt;a href=&amp;quot;https://ui.freecrm.com/&amp;quot;&amp;gt;...&amp;lt;/a&amp;gt; is not clickable at point (987, 45). Other element would receive the click: &amp;lt;div id=&amp;quot;preloader&amp;quot; style=&amp;quot;opacity: 0.207025;&amp;quot;&amp;gt;...&amp;lt;/div&amp;gt;
  (Session info: MicrosoftEdge=102.0.1245.44)
Build info: version: &amp;apos;4.2.2&amp;apos;, revision: &amp;apos;683ccb65d6&amp;apos;
System info: host: &amp;apos;LAPTOP-1ES659O6&amp;apos;, ip: &amp;apos;192.168.1.37&amp;apos;, os.name: &amp;apos;Windows 11&amp;apos;, os.arch: &amp;apos;amd64&amp;apos;, os.version: &amp;apos;10.0&amp;apos;, java.version: &amp;apos;17.0.3&amp;apos;
Driver info: org.openqa.selenium.edge.EdgeDriver
Command: [39c6166dfc48b3e10fafb26938842c33, clickElement {id=c267dbbf-e04e-4a22-9afe-bd6c18dd9039}]
Capabilities {acceptInsecureCerts: false, browserName: msedge, browserVersion: 102.0.1245.44, ms:edgeOptions: {debuggerAddress: localhost:56004}, msedge: {msedgedriverVersion: 102.0.1245.44 (72efbf98e0b4..., userDataDir: C:\Users\BALAJI~1\AppData\L...}, networkConnectionEnabled: false, pageLoadStrategy: normal, platformName: WINDOWS, proxy: Proxy(), se:cdp: ws://localhost:56004/devtoo..., se:cdpVersion: 102.0.1245.44, setWindowRect: true, strictFileInteractability: false, timeouts: {implicit: 0, pageLoad: 300000, script: 30000}, unhandledPromptBehavior: dismiss and notify, webauthn:extension:credBlob: true, webauthn:extension:largeBlob: true, webauthn:virtualAuthenticators: true}
Element: [[EdgeDriver: msedge on WINDOWS (39c6166dfc48b3e10fafb26938842c33)] -&amp;gt; xpath: //a[contains(text(),&amp;apos;Login&amp;apos;)]]
Session ID: 39c6166dfc48b3e10fafb26938842c33">
      <![CDATA[org.openqa.selenium.ElementClickInterceptedException: element click intercepted: Element <a href="https://ui.freecrm.com/">...</a> is not clickable at point (987, 45). Other element would receive the click: <div id="preloader" style="opacity: 0.207025;">...</div>
  (Session info: MicrosoftEdge=102.0.1245.44)
Build info: version: '4.2.2', revision: '683ccb65d6'
System info: host: 'LAPTOP-1ES659O6', ip: '192.168.1.37', os.name: 'Windows 11', os.arch: 'amd64', os.version: '10.0', java.version: '17.0.3'
Driver info: org.openqa.selenium.edge.EdgeDriver
Command: [39c6166dfc48b3e10fafb26938842c33, clickElement {id=c267dbbf-e04e-4a22-9afe-bd6c18dd9039}]
Capabilities {acceptInsecureCerts: false, browserName: msedge, browserVersion: 102.0.1245.44, ms:edgeOptions: {debuggerAddress: localhost:56004}, msedge: {msedgedriverVersion: 102.0.1245.44 (72efbf98e0b4..., userDataDir: C:\Users\BALAJI~1\AppData\L...}, networkConnectionEnabled: false, pageLoadStrategy: normal, platformName: WINDOWS, proxy: Proxy(), se:cdp: ws://localhost:56004/devtoo..., se:cdpVersion: 102.0.1245.44, setWindowRect: true, strictFileInteractability: false, timeouts: {implicit: 0, pageLoad: 300000, script: 30000}, unhandledPromptBehavior: dismiss and notify, webauthn:extension:credBlob: true, webauthn:extension:largeBlob: true, webauthn:virtualAuthenticators: true}
Element: [[EdgeDriver: msedge on WINDOWS (39c6166dfc48b3e10fafb26938842c33)] -> xpath: //a[contains(text(),'Login')]]
Session ID: 39c6166dfc48b3e10fafb26938842c33
at org.openqa.selenium.remote.codec.w3c.W3CHttpResponseCodec.createException(W3CHttpResponseCodec.java:200)
at org.openqa.selenium.remote.codec.w3c.W3CHttpResponseCodec.decode(W3CHttpResponseCodec.java:133)
at org.openqa.selenium.remote.codec.w3c.W3CHttpResponseCodec.decode(W3CHttpResponseCodec.java:53)
at org.openqa.selenium.remote.HttpCommandExecutor.execute(HttpCommandExecutor.java:184)
at org.openqa.selenium.remote.service.DriverCommandExecutor.invokeExecute(DriverCommandExecutor.java:167)
at org.openqa.selenium.remote.service.DriverCommandExecutor.execute(DriverCommandExecutor.java:142)
at org.openqa.selenium.remote.RemoteWebDriver.execute(RemoteWebDriver.java:588)
at org.openqa.selenium.remote.RemoteWebElement.execute(RemoteWebElement.java:257)
at org.openqa.selenium.remote.RemoteWebElement.click(RemoteWebElement.java:78)
at org.openqa.selenium.support.events.EventFiringWebDriver$EventFiringWebElement.lambda$new$0(EventFiringWebDriver.java:414)
at jdk.proxy2/jdk.proxy2.$Proxy19.click(Unknown Source)
at org.openqa.selenium.support.events.EventFiringWebDriver$EventFiringWebElement.click(EventFiringWebDriver.java:427)
at org.openqa.selenium.support.pagefactory.internal.LocatingElementHandler.invoke(LocatingElementHandler.java:52)
at jdk.proxy2/jdk.proxy2.$Proxy18.click(Unknown Source)
at com.qa.pages.LoginPage.login(LoginPage.java:42)
at com.qa.testcases.Test_LoginPage.Login_UN_PWD_Test(Test_LoginPage.java:39)
at java.base/java.util.ArrayList.forEach(ArrayList.java:1511)
... Removed 40 stack frames]]>
    </failure>
  </testcase> <!-- Login_UN_PWD_Test -->
  <testcase classname="com.qa.testcases.Test_HomePage" name="homepagetitleTest" time="0.0">
    <skipped/>
  </testcase> <!-- homepagetitleTest -->
  <testcase classname="com.qa.testcases.Test_HomePage" name="homepagenameTest" time="0.0">
    <skipped/>
  </testcase> <!-- homepagenameTest -->
  <testcase classname="com.qa.testcases.Test_HomePage" name="homepageConatctIconClick_Test" time="0.0">
    <skipped/>
  </testcase> <!-- homepageConatctIconClick_Test -->
  <testcase classname="com.qa.testcases.Test_ContactPage" name="contactspagetitleTest" time="2.696"/>
  <testcase classname="com.qa.testcases.Test_ContactPage" name="create_newcontant_Test" time="0.0">
    <skipped/>
  </testcase> <!-- create_newcontant_Test -->
</testsuite> <!-- Regression testcases -->
